<?xml version="1.0" encoding="UTF-8"?>
<!-- Generated by org.testng.reporters.JUnitReportReporter -->
<testsuite hostname="DESKTOP-E5SOLVG" failures="0" tests="1" name="testLayer.LoginTest" time="11.808" errors="0" timestamp="2023-09-26T14:34:29 IST" skipped="0">
  <testcase classname="testLayer.LoginTest" name="verifyLogin" time="11.808"/>
  <system-out/>
</testsuite> <!-- testLayer.LoginTest -->
