<?xml version="1.0" encoding="UTF-8"?>
<!-- Generated by org.testng.reporters.JUnitReportReporter -->
<testsuite hostname="DESKTOP-E5SOLVG" failures="0" tests="1" name="testLayer.LoginTest" time="9.193" errors="0" timestamp="2023-09-26T13:39:58 IST" skipped="0">
  <testcase classname="testLayer.LoginTest" name="verifyLogin" time="9.193"/>
  <system-out/>
</testsuite> <!-- testLayer.LoginTest -->
